Checking Python interpreter version...
Starting CTk Theme Builder deployment.

Operating System: Linux version #21~22.04.1-Ubuntu SMP PREEMPT_DYNAMIC Fri Feb  9 13:32:52 UTC 2
Installation base location: /home/clive
Updating existing application at: /home/clive/ctk_theme_builder

======================== KEY LOCATION MAPPINGS ==========================
Package Location: /home/clive/PycharmProjects/stage/ctk_theme_builder-2.5.0.zip
App Home = /home/clive/ctk_theme_builder
Assets Location = /home/clive/ctk_theme_builder/assets
User Theme Location = /home/clive/ctk_theme_builder/user_themes
Log Location = /home/clive/ctk_theme_builder/log
=========================================================================

Checking for repository: /home/clive/ctk_theme_builder/assets/data/ctk_theme_builder.db
Repository located - pre-existing installation.
Unpacking package: /home/clive/PycharmProjects/stage/ctk_theme_builder-2.5.0.zip to: /home/clive
Removing previous: /home/clive/ctk_theme_builder/ctk_theme_builder.py
Removing previous: /home/clive/ctk_theme_builder/ctk_theme_builder_qa_app.py
Removing previous: /home/clive/ctk_theme_builder/ctk_theme_migrate.py
Removing previous: /home/clive/ctk_theme_builder/ctk_theme_preview.py
Removing previous: /home/clive/ctk_theme_builder/get-pip.py
Removing previous: /home/clive/ctk_theme_builder/theme_builder_setup.py
Removing previous: /home/clive/ctk_theme_builder/build_app.sh
Removing previous: /home/clive/ctk_theme_builder/ctk_theme_builder_qa_app.sh
Removing previous: /home/clive/ctk_theme_builder/ctk_theme_builder.sh
Removing previous: /home/clive/ctk_theme_builder/build_app.bat
Removing previous: /home/clive/ctk_theme_builder/ctk_theme_builder.bat
Removing previous: /home/clive/ctk_theme_builder/ctk_theme_migrate.bat
Removing previous: /home/clive/ctk_theme_builder/ctk_theme_builder_qa_app.bat
Removing previous: /home/clive/ctk_theme_builder/lib/__init__.py
Removing previous: /home/clive/ctk_theme_builder/lib/cbtk_kit.py
Removing previous: /home/clive/ctk_theme_builder/lib/color_constants.py
Removing previous: /home/clive/ctk_theme_builder/lib/ctk_theme_builder_m.py
Removing previous: /home/clive/ctk_theme_builder/lib/preferences_v.py
Removing previous: /home/clive/ctk_theme_builder/lib/about_v.py
Removing previous: /home/clive/ctk_theme_builder/lib/theme_merger_v.py
Removing previous: /home/clive/ctk_theme_builder/lib/harmonics_dialog_v.py
Removing previous: /home/clive/ctk_theme_builder/lib/provenance_dialog_v.py
Removing previous: /home/clive/ctk_theme_builder/lib/geometry_dialog_v.py
Removing previous: /home/clive/ctk_theme_builder/lib/loggerutl.py
Removing previous: /home/clive/ctk_theme_builder/lib/control_panel_v.py
Removing previous: /home/clive/ctk_theme_builder/lib/preferences_m.py
Inspecting CTk Theme Builder application home directory...
Install base, /home/clive, looks fine.
Set execute permissions for build_app.sh

Launching build_app.sh
CTK Theme Builder build started...
Ensuring Linux style line terminators.
Converting EOL for file build_app.sh
Converting EOL for file ctk_theme_builder.py
Converting EOL for file ctk_theme_builder_qa_app.py
Converting EOL for file ctk_theme_builder_qa_app.sh
Converting EOL for file ctk_theme_builder.sh
Converting EOL for file ctk_theme_migrate.py
Converting EOL for file ctk_theme_preview.py
Converting EOL for file get-pip.py
Converting EOL for file theme_builder_setup.py
Processing assets/...
Converting EOL for file repo_updates.json
Processing assets/...
Converting EOL for file default_palette.json
Converting EOL for file default_theme.json
Converting EOL for file geometry_parameters.json
Converting EOL for file harmony_palette.json
Converting EOL for file palette_labels.json
Converting EOL for file theme_skeleton.json
Processing assets/...
Converting EOL for file Anthracite.json
Converting EOL for file blue.json
Converting EOL for file Blue.json
Converting EOL for file Dark-Blue.json
Converting EOL for file DaynNight.json
Converting EOL for file default.json
Converting EOL for file GhostTrain.json
Converting EOL for file Greengage.json
Converting EOL for file Green.json
Converting EOL for file GreyGhost.json
Converting EOL for file Hades.json
Converting EOL for file Harlequin.json
Converting EOL for file MoonlitSky.json
Converting EOL for file NeonBanana.json
Converting EOL for file NeonMagic.json
Converting EOL for file NightTrain.json
Converting EOL for file Oceanix.json
Converting EOL for file sweetkind.json
Converting EOL for file Sweetkind.json
Converting EOL for file TestCard.json
Converting EOL for file TrojanBlue.json
Processing assets/...
Converting EOL for file Anthracite.json
Converting EOL for file Blue.json
Converting EOL for file DaynNight.json
Converting EOL for file GhostTrain.json
Converting EOL for file Greengage.json
Converting EOL for file Green.json
Converting EOL for file GreyGhost.json
Converting EOL for file Hades.json
Converting EOL for file Harlequin.json
Converting EOL for file MoonlitSky.json
Converting EOL for file NightTrain.json
Converting EOL for file Oceanix.json
Converting EOL for file TrojanBlue.json
Processing assets/...
Converting EOL for file Basic.json
Converting EOL for file Categorised.json
Line terminators converted.
python is /usr/bin/python
Collecting pip
  Using cached pip-24.0-py3-none-any.whl (2.1 MB)
Collecting wheel
  Downloading wheel-0.43.0-py3-none-any.whl (65 kB)
     ━━━━━━━━━━━━━━━━━━━━━━━━━━━━━━━━━━━━━━━━ 65.8/65.8 kB 2.0 MB/s eta 0:00:00
Installing collected packages: wheel, pip
  Attempting uninstall: pip
    Found existing installation: pip 22.0.2
    Uninstalling pip-22.0.2:
      Successfully uninstalled pip-22.0.2
Successfully installed pip-24.0 wheel-0.43.0
Requirement already satisfied: colorharmonies==1.0.5 in ./venv/lib/python3.10/site-packages (from -r requirements.txt (line 1)) (1.0.5)
Requirement already satisfied: colour==0.1.5 in ./venv/lib/python3.10/site-packages (from -r requirements.txt (line 2)) (0.1.5)
Requirement already satisfied: contourpy==1.0.5 in ./venv/lib/python3.10/site-packages (from -r requirements.txt (line 3)) (1.0.5)
Requirement already satisfied: CTkMessagebox==2.1 in ./venv/lib/python3.10/site-packages (from -r requirements.txt (line 4)) (2.1)
Requirement already satisfied: customtkinter==5.2.0 in ./venv/lib/python3.10/site-packages (from -r requirements.txt (line 5)) (5.2.0)
Requirement already satisfied: cycler==0.11.0 in ./venv/lib/python3.10/site-packages (from -r requirements.txt (line 6)) (0.11.0)
Requirement already satisfied: darkdetect==0.8.0 in ./venv/lib/python3.10/site-packages (from -r requirements.txt (line 7)) (0.8.0)
Requirement already satisfied: fonttools==4.38.0 in ./venv/lib/python3.10/site-packages (from -r requirements.txt (line 8)) (4.38.0)
Requirement already satisfied: importlib-resources==5.12.0 in ./venv/lib/python3.10/site-packages (from -r requirements.txt (line 9)) (5.12.0)
Requirement already satisfied: kiwisolver==1.4.4 in ./venv/lib/python3.10/site-packages (from -r requirements.txt (line 10)) (1.4.4)
Requirement already satisfied: loguru==0.7.2 in ./venv/lib/python3.10/site-packages (from -r requirements.txt (line 11)) (0.7.2)
Requirement already satisfied: matplotlib==3.7.1 in ./venv/lib/python3.10/site-packages (from -r requirements.txt (line 12)) (3.7.1)
Requirement already satisfied: numpy==1.23.4 in ./venv/lib/python3.10/site-packages (from -r requirements.txt (line 13)) (1.23.4)
Requirement already satisfied: packaging==21.3 in ./venv/lib/python3.10/site-packages (from -r requirements.txt (line 14)) (21.3)
Requirement already satisfied: pathvalidate==2.5.2 in ./venv/lib/python3.10/site-packages (from -r requirements.txt (line 15)) (2.5.2)
Requirement already satisfied: Pillow==9.2.0 in ./venv/lib/python3.10/site-packages (from -r requirements.txt (line 16)) (9.2.0)
Requirement already satisfied: pyparsing==3.0.9 in ./venv/lib/python3.10/site-packages (from -r requirements.txt (line 17)) (3.0.9)
Requirement already satisfied: pyperclip==1.8.2 in ./venv/lib/python3.10/site-packages (from -r requirements.txt (line 18)) (1.8.2)
Requirement already satisfied: python-dateutil==2.8.2 in ./venv/lib/python3.10/site-packages (from -r requirements.txt (line 19)) (2.8.2)
Requirement already satisfied: six==1.16.0 in ./venv/lib/python3.10/site-packages (from -r requirements.txt (line 20)) (1.16.0)
Requirement already satisfied: zipp==3.15.0 in ./venv/lib/python3.10/site-packages (from -r requirements.txt (line 21)) (3.15.0)
App build done.

Set execute permissions for ctk_theme_builder
Updating the CTk Theme Builder repository:-
Existing repository appears to be version 2.5.0...
No upgrade actions pending.
App Home for CTk Theme Builder: /home/clive/ctk_theme_builder

To launch the application run the ctk_theme_builder command script, located at:
/home/clive/ctk_theme_builder/ctk_theme_builder

Done.
